BOARD_CONFIG=mt7933_hdk
IC_CONFIG=mt7933
LP_DEMO=n
MTK_AUDIO_MP3_ENABLED=n
MTK_BLE_CLI_ENABLE=n
MTK_BLE_ONLY_ENABLE=n
MTK_BLE_SMTCN_ENABLE=n
MTK_BOOTLOADER_USE_MBEDTLS=n
MTK_BSP_LOOPBACK_ENABLE=n
MTK_BT_A2DP_ENABLE=n
MTK_BT_AVRCP_ENABLE=n
MTK_BT_AVRCP_ENH_ENABLE=n
MTK_BT_CODEC_ENABLED=n
MTK_BT_DUO_ENABLE=n
MTK_BT_ENABLE=n
MTK_BT_HFP_ENABLE=n
MTK_BT_HID_ENABLE=n
MTK_BT_MESH_CLI_ENABLE=n
MTK_BT_MESH_ENABLE=n
MTK_BT_MESH_EXAMPLE_PROJECT=vendor_device
MTK_BT_PBAP_ENABLE=n
MTK_BT_SPP_ENABLE=n
MTK_BT_TIMER_EXTERNAL_ENABLE=n
MTK_BUILD_SMT_LOAD=n
MTK_CLI_TEST_MODE_ENABLE=y
MTK_CM4_WIFI_TASK_ENABLE=n
MTK_DEBUG_LEVEL=info
MTK_FATFS_ENABLE=y
MTK_FW_VERSION=undefined
MTK_HAL_LOWPOWER_ENABLE=n
MTK_HEAP_SIZE_GUARD_ENABLE=n
MTK_HIF_GDMA_ENABLE=n
MTK_IPERF_ENABLE=n
MTK_LWIP_ENABLE=n
MTK_MAIN_CONSOLE_UART2_ENABLE=n
MTK_MBEDTLS_CONFIG_FILE=config-mtk-homekit.h
MTK_MEMORY_WITHOUT_PSRAM=n
MTK_MEMORY_WITHOUT_PSRAM_FLASH=n
MTK_MEMORY_WITH_PSRAM_FLASH=y
MTK_MINICLI_ENABLE=y
MTK_MINISUPP_ENABLE=n
MTK_MPERF_ENABLE=n
MTK_NVDM_ENABLE=y
MTK_OS_CLI_ENABLE=y
MTK_OS_CPU_UTILIZATION_ENABLE=y
MTK_PING_OUT_ENABLE=n
MTK_ROM_VER=e1
MTK_SECURE_BOOT_ENABLE=n
MTK_SUPPORT_HEAP_DEBUG=n
MTK_SWLA_ENABLE=y
MTK_SYSTEM_HANG_CHECK_ENABLE=n
MTK_USER_FAST_TX_ENABLE=n
MTK_WIFI_CONFIGURE_FREE_ENABLE=n
MTK_WIFI_PROFILE_ENABLE=n
MTK_WIFI_ROM_ENABLE=n
MTK_WIFI_TGN_VERIFY_ENABLE=n
